1
 **  ERZSOL3 **

 SYNTHETIC SEISMOGRAMS FROM A GENERAL POINT SOURCE
 AT DEPTH IN A MULTILAYERED ELASTIC MEDIUM 
 WITH ALLOWANCE FOR ATTENUATION AND CHOICE OF 
 INTERNAL MULTIPLES
 RUN :ERZSOL3-ew1                   


 LAYER STRUCTURE
    NR     ALPHA     BETA       RHO      THICK    QAI       QBI
    NR     KM/S      KM/S      MG/M3      KM  

    3     5.000     2.600     2.700     0.000   0.00100   0.00200
    3     5.000     2.600     2.700     1.000   0.00100   0.00200
    3     5.000     2.600     2.700     6.000   0.00100   0.00200
    3     5.500     2.700     2.750     5.000   0.00100   0.00200
    3     6.000     2.800     2.800     5.000   0.00100   0.00200

 SWITCHES
      5     3     0     0     0
      0     0    10    10     2
      0     0     0     0     0

    NT:      4096     NTI:        12    DELT:   0.00500
 SOURCE PARAMETERS:
    JS:         3     HSS:     3.000
 BELOW SOURCE : RDSL
   NSA:         2     HBS:     4.000
 ABOVE SOURCE : RUFS
   JSA:         2     HAS:     2.000



           MOMENT TENSOR:
                    1.0000         0.5000         0.0000
                    0.5000         0.0000         0.0000
                    0.0000         0.0000        -1.0000

 FREQUENCY WINDOW     0.125     0.250     8.000    16.000  HZ
  DELF:    0.0488
 PHASE VELOCITY WINDOW
   NRP:      1500     CMX:**********     CMN:   1.42837

 INTEGRATION PARAMETERS
    PMN:   0.00010     PMX:   0.70010


 PR:      0.00   STMIN:      0.00

 WAVEFORM:


 STATIONS:
 RANGE      AZIMUTH
      2.000    45.000
      4.000    45.000
      6.000    45.000
      8.000    45.000
     10.000    45.000
     12.000    45.000
     14.000    45.000
     16.000    45.000
     18.000    45.000
     20.000    45.000

          ** RESPON**

           FREQUENCY COUNTERS
              NLO:         3     NUP:       328      NW :       326


           DIMENSIONS OF TRANSFORM ARRAY 
              NW :       326
              NRP :      1500




           SOURCE TERMS in order m=0,+1,-1,+2,-2 

            ARRAY PU :
              -0.0349   -0.0000    0.0000    0.0000    0.0000    0.0000   -0.0005    0.0005   -0.0005   -0.0005
            ARRAY SU :
               0.0132    0.0000    0.0000   -0.0000    0.0000   -0.0000   -0.0022    0.0022   -0.0022   -0.0022
            ARRAY HU :
               0.0000    0.0000   -0.0000    0.0000    0.0000    0.0000    0.0009   -0.0009   -0.0009   -0.0009


 ** TRANSFORMS CALCULATED **

   2.00000000       45.0000000      Z     4.99999989E-03        4096   0.00000000       0.00000000       3.21878605E-02
   2.00000000       45.0000000      R     4.99999989E-03        4096   0.00000000       0.00000000       4.53854352E-02
   2.00000000       45.0000000      T     4.99999989E-03        4096   0.00000000       0.00000000       1.57349054E-02
   4.00000000       45.0000000      Z     4.99999989E-03        4096   0.00000000       0.00000000       2.87549011E-02
   4.00000000       45.0000000      R     4.99999989E-03        4096   0.00000000       0.00000000       1.23536875E-02
   4.00000000       45.0000000      T     4.99999989E-03        4096   0.00000000       0.00000000       1.79475769E-02
   6.00000000       45.0000000      Z     4.99999989E-03        4096   0.00000000       0.00000000       1.32465921E-02
   6.00000000       45.0000000      R     4.99999989E-03        4096   0.00000000       0.00000000       6.72824495E-03
   6.00000000       45.0000000      T     4.99999989E-03        4096   0.00000000       0.00000000       1.47448722E-02
   8.00000000       45.0000000      Z     4.99999989E-03        4096   0.00000000       0.00000000       6.61842851E-03
   8.00000000       45.0000000      R     4.99999989E-03        4096   0.00000000       0.00000000       3.99937155E-03
   8.00000000       45.0000000      T     4.99999989E-03        4096   0.00000000       0.00000000       1.15959682E-02
   10.0000000       45.0000000      Z     4.99999989E-03        4096   0.00000000       0.00000000       3.60348728E-03
   10.0000000       45.0000000      R     4.99999989E-03        4096   0.00000000       0.00000000       2.41241930E-03
   10.0000000       45.0000000      T     4.99999989E-03        4096   0.00000000       0.00000000       9.28174332E-03
   12.0000000       45.0000000      Z     4.99999989E-03        4096   0.00000000       0.00000000       1.98723981E-03
   12.0000000       45.0000000      R     4.99999989E-03        4096   0.00000000       0.00000000       1.52710348E-03
   12.0000000       45.0000000      T     4.99999989E-03        4096   0.00000000       0.00000000       7.42318528E-03
   14.0000000       45.0000000      Z     4.99999989E-03        4096   0.00000000       0.00000000       1.28728698E-03
   14.0000000       45.0000000      R     4.99999989E-03        4096   0.00000000       0.00000000       1.02264725E-03
   14.0000000       45.0000000      T     4.99999989E-03        4096   0.00000000       0.00000000       6.01431914E-03
   16.0000000       45.0000000      Z     4.99999989E-03        4096   0.00000000       0.00000000       8.12559156E-04
   16.0000000       45.0000000      R     4.99999989E-03        4096   0.00000000       0.00000000       8.33836908E-04
   16.0000000       45.0000000      T     4.99999989E-03        4096   0.00000000       0.00000000       4.85480018E-03
   18.0000000       45.0000000      Z     4.99999989E-03        4096   0.00000000       0.00000000       5.94964658E-04
   18.0000000       45.0000000      R     4.99999989E-03        4096   0.00000000       0.00000000       6.90949557E-04
   18.0000000       45.0000000      T     4.99999989E-03        4096   0.00000000       0.00000000       3.94277507E-03
   20.0000000       45.0000000      Z     4.99999989E-03        4096   0.00000000       0.00000000       4.45467391E-04
   20.0000000       45.0000000      R     4.99999989E-03        4096   0.00000000       0.00000000       5.79789572E-04
   20.0000000       45.0000000      T     4.99999989E-03        4096   0.00000000       0.00000000       3.59871099E-03


 ** INTEGRATION COMPLETED **

